<?xml version="1.0" encoding="UTF-8"?>
<!-- Generated by org.testng.reporters.JUnitXMLReporter -->
<testsuite ignored="3" hostname="DESKTOP-3DPRU8F" failures="0" tests="1" name="Default test" time="62.149" errors="0" timestamp="2023-12-16T23:17:27 PST">
  <testcase classname="MyClass" name="Checkout" time="62.029"/>
  <testcase classname="MyClass" name="AddAllItems" time="0.0">
    <ignored/>
  </testcase> <!-- AddAllItems -->
  <testcase classname="MyClass" name="AddThreeItems" time="0.0">
    <ignored/>
  </testcase> <!-- AddThreeItems -->
  <testcase classname="MyClass" name="Login" time="0.0">
    <ignored/>
  </testcase> <!-- Login -->
</testsuite> <!-- Default test -->
