<?xml version="1.0" encoding="UTF-8"?>
<testng-results ignored="0" total="1" passed="1" failed="0" skipped="0">
  <reporter-output>
  </reporter-output>
  <suite started-at="2023-12-15T22:00:19 PST" name="Default suite" finished-at="2023-12-15T22:03:41 PST" duration-ms="202004">
    <groups>
    </groups>
    <test started-at="2023-12-15T22:00:19 PST" name="Default test" finished-at="2023-12-15T22:03:41 PST" duration-ms="202004">
      <class name="MyClass">
        <test-method is-config="true" signature="mySetup()[pri:0, instance:MyClass@12468a38]" started-at="2023-12-15T22:00:19 PST" name="mySetup" finished-at="2023-12-15T22:00:19 PST" duration-ms="57" status="PASS">
          <reporter-output>
          </reporter-output>
        </test-method> <!-- mySetup -->
        <test-method signature="myTest()[pri:0, instance:MyClass@12468a38]" started-at="2023-12-15T22:00:19 PST" name="myTest" finished-at="2023-12-15T22:03:41 PST" duration-ms="201880" status="PASS">
          <reporter-output>
          </reporter-output>
        </test-method> <!-- myTest -->
        <test-method is-config="true" signature="myPost()[pri:0, instance:MyClass@12468a38]" started-at="2023-12-15T22:03:41 PST" name="myPost" finished-at="2023-12-15T22:03:41 PST" duration-ms="0" status="PASS">
          <reporter-output>
          </reporter-output>
        </test-method> <!-- myPost -->
      </class> <!-- MyClass -->
    </test> <!-- Default test -->
  </suite> <!-- Default suite -->
</testng-results>
