<?xml version="1.0" encoding="UTF-8"?>
<testng-results ignored="3" total="4" passed="1" failed="0" skipped="0">
  <reporter-output>
  </reporter-output>
  <suite started-at="2023-12-16T23:16:24 PST" name="Default suite" finished-at="2023-12-16T23:17:27 PST" duration-ms="62149">
    <groups>
    </groups>
    <test started-at="2023-12-16T23:16:24 PST" name="Default test" finished-at="2023-12-16T23:17:27 PST" duration-ms="62149">
      <class name="MyClass">
        <test-method is-config="true" signature="mySetup()[pri:0, instance:MyClass@5876a9af]" started-at="2023-12-16T23:16:24 PST" name="mySetup" finished-at="2023-12-16T23:16:25 PST" duration-ms="35" status="PASS">
          <reporter-output>
          </reporter-output>
        </test-method> <!-- mySetup -->
        <test-method signature="Checkout()[pri:0, instance:MyClass@5876a9af]" started-at="2023-12-16T23:16:25 PST" name="Checkout" finished-at="2023-12-16T23:17:27 PST" duration-ms="62029" status="PASS">
          <reporter-output>
          </reporter-output>
        </test-method> <!-- Checkout -->
        <test-method is-config="true" signature="myPost()[pri:0, instance:MyClass@5876a9af]" started-at="2023-12-16T23:17:27 PST" name="myPost" finished-at="2023-12-16T23:17:27 PST" duration-ms="1" status="PASS">
          <reporter-output>
          </reporter-output>
        </test-method> <!-- myPost -->
      </class> <!-- MyClass -->
    </test> <!-- Default test -->
  </suite> <!-- Default suite -->
</testng-results>
